2025-06-02 03:19:20 - INFO     - [__main__:34] (__init__) - Starting application: BlackBox DHQ Phoenix v3.0 (Faza 3 Test)
2025-06-02 03:19:20 - DEBUG    - [__main__:85] (__init__) - Učitane boje teme: {'ACCENT_PRIMARY': '#7A52F4', 'ACCENT_SECONDARY': '#6A42E4', 'BACKGROUND_CONTENT': '#202130', 'BACKGROUND_PRIMARY': '#1A1B26', 'BACKGROUND_SECONDARY': '#292A3D', 'BORDER_PRIMARY': '#3A3B5A', 'BUTTON_FG_COLOR': '#7A52F4', 'BUTTON_HOVER_COLOR': '#6A42E4', 'BUTTON_TEXT_COLOR': '#FFFFFF', 'ERROR': '#E74C3C', 'INPUT_BG': '#202130', 'INPUT_BORDER': '#3A3B5A', 'INPUT_TEXT': '#FFFFFF', 'LIST_ITEM_BG': '#202130', 'LIST_ITEM_HOVER_BG': '#292A3D', 'LIST_ITEM_SELECTED_BG': '#7A52F4', 'LIST_ITEM_SELECTED_FG_TEXT': '#FFFFFF', 'PLACEHOLDER_TEXT': '#A9A9B8', 'SIDEBAR_ACTIVE_BACKGROUND': '#7A52F4', 'SIDEBAR_ACTIVE_TEXT': '#FFFFFF', 'SIDEBAR_BACKGROUND': '#292A3D', 'SIDEBAR_HOVER_BACKGROUND': '#3A3B5A', 'SIDEBAR_ICON_COLOR': '#D0D0E0', 'SIDEBAR_TEXT': '#D0D0E0', 'SUCCESS': '#2ECC71', 'TEXT_ACCENT': '#A082F6', 'TEXT_PRIMARY': '#FFFFFF', 'TEXT_SECONDARY': '#A9A9B8', 'WARNING': '#F39C12'}
2025-06-02 03:19:20 - INFO     - [core.license_manager:100] (_load_license_local) - Licenca uspješno učitana lokalno za: Haris
2025-06-02 03:19:20 - INFO     - [core.license_manager:232] (is_license_valid) - Doživotna licenca (super_admin) je aktivna.
2025-06-02 03:19:20 - INFO     - [__main__:116] (_check_license_and_launch) - Validna licenca pronađena: Tip super_admin
2025-06-02 03:19:20 - INFO     - [__main__:168] (_show_main_app) - Prikazujem glavni prozor aplikacije za korisnika tipa: super_admin
2025-06-02 03:19:20 - DEBUG    - [PIL.PngImagePlugin:197] (call) - STREAM b'IHDR' 16 13
2025-06-02 03:19:20 - DEBUG    - [PIL.PngImagePlugin:197] (call) - STREAM b'sBIT' 41 4
2025-06-02 03:19:20 - DEBUG    - [PIL.PngImagePlugin:753] (_open) - b'sBIT' 41 4 (unknown)
2025-06-02 03:19:20 - DEBUG    - [PIL.PngImagePlugin:197] (call) - STREAM b'pHYs' 57 9
2025-06-02 03:19:20 - DEBUG    - [PIL.PngImagePlugin:197] (call) - STREAM b'tEXt' 78 25
2025-06-02 03:19:20 - DEBUG    - [PIL.PngImagePlugin:197] (call) - STREAM b'IDAT' 115 8192
2025-06-02 03:19:20 - DEBUG    - [utils.icon_loader:26] (load_icon) - Ikona 'dashboard_icon' učitana (generička).
2025-06-02 03:19:20 - DEBUG    - [PIL.PngImagePlugin:197] (call) - STREAM b'IHDR' 16 13
2025-06-02 03:19:20 - DEBUG    - [PIL.PngImagePlugin:197] (call) - STREAM b'pHYs' 41 9
2025-06-02 03:19:20 - DEBUG    - [PIL.PngImagePlugin:197] (call) - STREAM b'tEXt' 62 25
2025-06-02 03:19:20 - DEBUG    - [PIL.PngImagePlugin:197] (call) - STREAM b'IDAT' 99 8192
2025-06-02 03:19:20 - DEBUG    - [utils.icon_loader:26] (load_icon) - Ikona 'downloads_icon' učitana (generička).
2025-06-02 03:19:20 - DEBUG    - [PIL.PngImagePlugin:197] (call) - STREAM b'IHDR' 16 13
2025-06-02 03:19:20 - DEBUG    - [PIL.PngImagePlugin:197] (call) - STREAM b'sBIT' 41 4
2025-06-02 03:19:20 - DEBUG    - [PIL.PngImagePlugin:753] (_open) - b'sBIT' 41 4 (unknown)
2025-06-02 03:19:20 - DEBUG    - [PIL.PngImagePlugin:197] (call) - STREAM b'pHYs' 57 9
2025-06-02 03:19:20 - DEBUG    - [PIL.PngImagePlugin:197] (call) - STREAM b'tEXt' 78 25
2025-06-02 03:19:20 - DEBUG    - [PIL.PngImagePlugin:197] (call) - STREAM b'IDAT' 115 8192
2025-06-02 03:19:20 - DEBUG    - [utils.icon_loader:26] (load_icon) - Ikona 'queue_icon' učitana (generička).
2025-06-02 03:19:20 - DEBUG    - [PIL.PngImagePlugin:197] (call) - STREAM b'IHDR' 16 13
2025-06-02 03:19:20 - DEBUG    - [PIL.PngImagePlugin:197] (call) - STREAM b'pHYs' 41 9
2025-06-02 03:19:20 - DEBUG    - [PIL.PngImagePlugin:197] (call) - STREAM b'tEXt' 62 25
2025-06-02 03:19:20 - DEBUG    - [PIL.PngImagePlugin:197] (call) - STREAM b'IDAT' 99 8192
2025-06-02 03:19:20 - DEBUG    - [utils.icon_loader:26] (load_icon) - Ikona 'admin_icon' učitana (generička).
2025-06-02 03:19:20 - DEBUG    - [PIL.PngImagePlugin:197] (call) - STREAM b'IHDR' 16 13
2025-06-02 03:19:20 - DEBUG    - [PIL.PngImagePlugin:197] (call) - STREAM b'sBIT' 41 4
2025-06-02 03:19:20 - DEBUG    - [PIL.PngImagePlugin:753] (_open) - b'sBIT' 41 4 (unknown)
2025-06-02 03:19:20 - DEBUG    - [PIL.PngImagePlugin:197] (call) - STREAM b'pHYs' 57 9
2025-06-02 03:19:20 - DEBUG    - [PIL.PngImagePlugin:197] (call) - STREAM b'tEXt' 78 25
2025-06-02 03:19:20 - DEBUG    - [PIL.PngImagePlugin:197] (call) - STREAM b'IDAT' 115 8192
2025-06-02 03:19:20 - DEBUG    - [utils.icon_loader:26] (load_icon) - Ikona 'settings_icon' učitana (generička).
2025-06-02 03:19:20 - DEBUG    - [PIL.PngImagePlugin:197] (call) - STREAM b'IHDR' 16 13
2025-06-02 03:19:20 - DEBUG    - [PIL.PngImagePlugin:197] (call) - STREAM b'pHYs' 41 9
2025-06-02 03:19:20 - DEBUG    - [PIL.PngImagePlugin:197] (call) - STREAM b'tEXt' 62 25
2025-06-02 03:19:20 - DEBUG    - [PIL.PngImagePlugin:197] (call) - STREAM b'IDAT' 99 8192
2025-06-02 03:19:20 - DEBUG    - [utils.icon_loader:26] (load_icon) - Ikona 'license_icon' učitana (generička).
2025-06-02 03:19:20 - INFO     - [gui.main_window:222] (select_view) - Promjena pogleda na: dashboard
2025-06-02 03:19:20 - DEBUG    - [gui.main_window:171] (_update_status_bar) - Status bar ažuriran: Prikazan pogled: Dashboard
2025-06-02 03:19:21 - INFO     - [gui.main_window:222] (select_view) - Promjena pogleda na: downloads
2025-06-02 03:19:21 - DEBUG    - [gui.main_window:171] (_update_status_bar) - Status bar ažuriran: Prikazan pogled: Downloads
2025-06-02 03:19:22 - INFO     - [gui.main_window:222] (select_view) - Promjena pogleda na: queue
2025-06-02 03:19:22 - DEBUG    - [gui.main_window:171] (_update_status_bar) - Status bar ažuriran: Prikazan pogled: Queue
2025-06-02 03:19:23 - INFO     - [gui.main_window:222] (select_view) - Promjena pogleda na: admin_panel
2025-06-02 03:19:23 - DEBUG    - [gui.main_window:171] (_update_status_bar) - Status bar ažuriran: Prikazan pogled: Admin panel
2025-06-02 03:19:23 - INFO     - [gui.main_window:222] (select_view) - Promjena pogleda na: settings
2025-06-02 03:19:23 - DEBUG    - [gui.main_window:171] (_update_status_bar) - Status bar ažuriran: Prikazan pogled: Settings
2025-06-02 03:19:23 - INFO     - [gui.main_window:222] (select_view) - Promjena pogleda na: license_info
2025-06-02 03:19:23 - DEBUG    - [gui.main_window:171] (_update_status_bar) - Status bar ažuriran: Prikazan pogled: License info
2025-06-02 03:20:44 - INFO     - [gui.main_window:222] (select_view) - Promjena pogleda na: dashboard
2025-06-02 03:20:44 - DEBUG    - [gui.main_window:171] (_update_status_bar) - Status bar ažuriran: Prikazan pogled: Dashboard
